Thu Oct 30 02:43:30 2025: Running xcd server. This server was built by gradle.
Thu Oct 30 02:43:30 2025: Server was asked to start on port: '33413'
Thu Oct 30 02:43:30 2025: Server is using token UUID: '21ee0b93-4de4-4679-9457-a410c4dc07b6'
Thu Oct 30 02:43:30 2025: SESSION_MGR: creating session with session uuid: '6d04a3e9-ade5-4ab9-8d63-1f78fcd2ec76' and name 'default'
Thu Oct 30 02:43:30 2025: Attempting to start server on port '33413'
Thu Oct 30 02:43:30 2025: XCD main fifo: created main fifo '/tmp/xcdmain21ee0b93-4de4-4679-9457-a410c4dc07b6', fd read = 13
Thu Oct 30 02:43:30 2025: Running Dispatch Server
Thu Oct 30 02:43:30 2025: Version 2.2.0
Thu Oct 30 02:43:39 2025: Dispatch Server: Accepted socket connection from client
Thu Oct 30 02:43:39 2025: Starting Socket connection
Thu Oct 30 02:43:39 2025: EXCHANGE_TOKEN received, server token: 21ee0b93-4de4-4679-9457-a410c4dc07b6, passed token: 21ee0b93-4de4-4679-9457-a410c4dc07b6
Thu Oct 30 02:43:39 2025: SESSION_MGR: creating session with session uuid: '6c582e8b-c9c8-4a97-8aab-d15a2b124b74' and name 'vitis_hls'
Thu Oct 30 02:43:39 2025: KERNEL_SVC: creating session with uuid: '6c582e8b-c9c8-4a97-8aab-d15a2b124b74' and name 'vitis_hls'
Thu Oct 30 02:43:39 2025: GUIDANCE_SMGR: creating guidance session with uuid: '6c582e8b-c9c8-4a97-8aab-d15a2b124b74' and name 'vitis_hls'
Thu Oct 30 02:43:44 2025: STOP_SERVER received, server token: 21ee0b93-4de4-4679-9457-a410c4dc07b6, passed token: 21ee0b93-4de4-4679-9457-a410c4dc07b6
Thu Oct 30 02:43:44 2025: Socket received request to stop server.
Thu Oct 30 02:43:44 2025: Dispatch Server: do_await_stop
Thu Oct 30 02:43:44 2025: Dispatch Server: stopping mainFifo_
Thu Oct 30 02:43:44 2025: XCD main fifo: Stopping
Thu Oct 30 02:43:44 2025: XCD main fifo: do_read error code: Operation canceled
Thu Oct 30 02:43:44 2025: XCD main fifo: bytes_transferred: 0
Thu Oct 30 02:43:44 2025: SERVER: destructor for server bound to port 33413
Thu Oct 30 02:43:44 2025: XCD main fifo: Good unlink of /tmp/xcdmain21ee0b93-4de4-4679-9457-a410c4dc07b6
Thu Oct 30 02:43:44 2025: Server exiting with status 0.
Thu Oct 30 02:43:44 2025: Closing log file.
