[2025-10-29 01:10:27,051] Running step: step_qonnx_to_finn [1/10]
[2025-10-29 01:10:27,051] Running step: step_tidy_up [2/10]
[2025-10-29 01:10:27,075] Running step: step_streamline [3/10]
[2025-10-29 01:10:27,670] /home/changhong/prj/finn_dev_branch/finn/deps/qonnx/src/qonnx/transformation/infer_data_layouts.py:136: UserWarning: Assuming 2D input is NC
[2025-10-29 01:10:27,670]   warnings.warn("Assuming 2D input is NC")
[2025-10-29 01:10:27,672] Running step: step_convert_to_hw [4/10]
[2025-10-29 01:10:27,676] Running step: step_create_dataflow_partition [5/10]
[2025-10-29 01:10:27,679] Running step: step_specialize_layers [6/10]
[2025-10-29 01:10:27,681] Running step: step_target_fps_parallelization [7/10]
[2025-10-29 01:10:27,687] Running step: step_apply_folding_config [8/10]
[2025-10-29 01:10:27,687] Running step: step_minimize_bit_width [9/10]
[2025-10-29 01:10:27,689] /home/changhong/prj/finn_dev_branch/finn/src/finn/custom_op/fpgadataflow/matrixvectoractivation.py:513: UserWarning: Clipping some thresholds in MVAU_hls_0
[2025-10-29 01:10:27,689]   warnings.warn("Clipping some thresholds in %s" % self.onnx_node.name)
[2025-10-29 01:10:27,691] /home/changhong/prj/finn_dev_branch/finn/src/finn/custom_op/fpgadataflow/matrixvectoractivation.py:513: UserWarning: Clipping some thresholds in MVAU_hls_1
[2025-10-29 01:10:27,691]   warnings.warn("Clipping some thresholds in %s" % self.onnx_node.name)
[2025-10-29 01:10:27,692] /home/changhong/prj/finn_dev_branch/finn/src/finn/custom_op/fpgadataflow/matrixvectoractivation.py:513: UserWarning: Clipping some thresholds in MVAU_hls_2
[2025-10-29 01:10:27,692]   warnings.warn("Clipping some thresholds in %s" % self.onnx_node.name)
[2025-10-29 01:10:27,696] Running step: step_generate_estimate_reports [10/10]
[2025-10-29 01:10:27,715] Running step: step_qonnx_to_finn [1/19]
[2025-10-29 01:10:27,715] Running step: step_tidy_up [2/19]
[2025-10-29 01:10:27,739] Running step: step_streamline [3/19]
[2025-10-29 01:10:28,341] Running step: step_convert_to_hw [4/19]
[2025-10-29 01:10:28,346] Running step: step_create_dataflow_partition [5/19]
[2025-10-29 01:10:28,348] Running step: step_specialize_layers [6/19]
[2025-10-29 01:10:28,350] Running step: step_target_fps_parallelization [7/19]
[2025-10-29 01:10:28,356] Running step: step_apply_folding_config [8/19]
[2025-10-29 01:10:28,356] Running step: step_minimize_bit_width [9/19]
[2025-10-29 01:10:28,364] Running step: step_generate_estimate_reports [10/19]
[2025-10-29 01:10:28,365] Running step: step_hw_codegen [11/19]
[2025-10-29 01:10:28,739] Running step: step_hw_ipgen [12/19]
[2025-10-29 01:10:32,156] Process ForkPoolWorker-3:
[2025-10-29 01:10:32,156] Process ForkPoolWorker-2:
[2025-10-29 01:10:32,156] Process ForkPoolWorker-1:
[2025-10-29 01:10:32,156] Process ForkPoolWorker-4:
