Wed Oct 29 01:15:07 2025: Running xcd server. This server was built by gradle.
Wed Oct 29 01:15:07 2025: Server was asked to start on port: '35647'
Wed Oct 29 01:15:07 2025: Server is using token UUID: 'cbb16590-5f48-412c-a85f-c641aa68080d'
Wed Oct 29 01:15:07 2025: SESSION_MGR: creating session with session uuid: '6d04a3e9-ade5-4ab9-8d63-1f78fcd2ec76' and name 'default'
Wed Oct 29 01:15:07 2025: Attempting to start server on port '35647'
Wed Oct 29 01:15:07 2025: XCD main fifo: created main fifo '/tmp/xcdmaincbb16590-5f48-412c-a85f-c641aa68080d', fd read = 12
Wed Oct 29 01:15:07 2025: Running Dispatch Server
Wed Oct 29 01:15:07 2025: Version 2.2.0
Wed Oct 29 01:15:16 2025: Dispatch Server: Accepted socket connection from client
Wed Oct 29 01:15:16 2025: Starting Socket connection
Wed Oct 29 01:15:16 2025: EXCHANGE_TOKEN received, server token: cbb16590-5f48-412c-a85f-c641aa68080d, passed token: cbb16590-5f48-412c-a85f-c641aa68080d
Wed Oct 29 01:15:16 2025: SESSION_MGR: creating session with session uuid: 'bbfcdb41-0494-417d-9c0e-6505fe675681' and name 'vitis_hls'
Wed Oct 29 01:15:16 2025: KERNEL_SVC: creating session with uuid: 'bbfcdb41-0494-417d-9c0e-6505fe675681' and name 'vitis_hls'
Wed Oct 29 01:15:16 2025: GUIDANCE_SMGR: creating guidance session with uuid: 'bbfcdb41-0494-417d-9c0e-6505fe675681' and name 'vitis_hls'
Wed Oct 29 01:15:17 2025: STOP_SERVER received, server token: cbb16590-5f48-412c-a85f-c641aa68080d, passed token: cbb16590-5f48-412c-a85f-c641aa68080d
Wed Oct 29 01:15:17 2025: Socket received request to stop server.
Wed Oct 29 01:15:17 2025: Dispatch Server: do_await_stop
Wed Oct 29 01:15:17 2025: Dispatch Server: stopping mainFifo_
Wed Oct 29 01:15:17 2025: XCD main fifo: Stopping
Wed Oct 29 01:15:17 2025: XCD main fifo: do_read error code: Operation canceled
Wed Oct 29 01:15:17 2025: XCD main fifo: bytes_transferred: 0
Wed Oct 29 01:15:17 2025: SERVER: destructor for server bound to port 35647
Wed Oct 29 01:15:17 2025: XCD main fifo: Good unlink of /tmp/xcdmaincbb16590-5f48-412c-a85f-c641aa68080d
Wed Oct 29 01:15:17 2025: Server exiting with status 0.
Wed Oct 29 01:15:17 2025: Closing log file.
Wed Oct 29 01:18:10 2025: Running xcd server. This server was built by gradle.
Wed Oct 29 01:18:10 2025: Server was asked to start on port: '41931'
Wed Oct 29 01:18:10 2025: Server is using token UUID: '3c284833-dea6-42f4-9001-7b768d62403a'
Wed Oct 29 01:18:10 2025: SESSION_MGR: creating session with session uuid: '6d04a3e9-ade5-4ab9-8d63-1f78fcd2ec76' and name 'default'
Wed Oct 29 01:18:10 2025: Attempting to start server on port '41931'
Wed Oct 29 01:18:10 2025: XCD main fifo: created main fifo '/tmp/xcdmain3c284833-dea6-42f4-9001-7b768d62403a', fd read = 13
Wed Oct 29 01:18:10 2025: Running Dispatch Server
Wed Oct 29 01:18:10 2025: Version 2.2.0
Wed Oct 29 01:18:19 2025: Dispatch Server: Accepted socket connection from client
Wed Oct 29 01:18:19 2025: Starting Socket connection
Wed Oct 29 01:18:19 2025: EXCHANGE_TOKEN received, server token: 3c284833-dea6-42f4-9001-7b768d62403a, passed token: 3c284833-dea6-42f4-9001-7b768d62403a
Wed Oct 29 01:18:19 2025: SESSION_MGR: creating session with session uuid: '11cf9ecd-2e17-4906-ab62-2ee5599e853f' and name 'vitis_hls'
Wed Oct 29 01:18:19 2025: KERNEL_SVC: creating session with uuid: '11cf9ecd-2e17-4906-ab62-2ee5599e853f' and name 'vitis_hls'
Wed Oct 29 01:18:19 2025: GUIDANCE_SMGR: creating guidance session with uuid: '11cf9ecd-2e17-4906-ab62-2ee5599e853f' and name 'vitis_hls'
Wed Oct 29 01:18:19 2025: STOP_SERVER received, server token: 3c284833-dea6-42f4-9001-7b768d62403a, passed token: 3c284833-dea6-42f4-9001-7b768d62403a
Wed Oct 29 01:18:19 2025: Socket received request to stop server.
Wed Oct 29 01:18:19 2025: Dispatch Server: do_await_stop
Wed Oct 29 01:18:19 2025: Dispatch Server: stopping mainFifo_
Wed Oct 29 01:18:19 2025: XCD main fifo: Stopping
Wed Oct 29 01:18:19 2025: XCD main fifo: do_read error code: Operation canceled
Wed Oct 29 01:18:19 2025: XCD main fifo: bytes_transferred: 0
Wed Oct 29 01:18:19 2025: SERVER: destructor for server bound to port 41931
Wed Oct 29 01:18:19 2025: XCD main fifo: Good unlink of /tmp/xcdmain3c284833-dea6-42f4-9001-7b768d62403a
Wed Oct 29 01:18:19 2025: Server exiting with status 0.
Wed Oct 29 01:18:19 2025: Closing log file.
Wed Oct 29 01:26:37 2025: Running xcd server. This server was built by gradle.
Wed Oct 29 01:26:37 2025: Server was asked to start on port: '34693'
Wed Oct 29 01:26:37 2025: Server is using token UUID: 'c6e54696-aba0-4fda-a9fa-7a39902c6e71'
Wed Oct 29 01:26:37 2025: SESSION_MGR: creating session with session uuid: '6d04a3e9-ade5-4ab9-8d63-1f78fcd2ec76' and name 'default'
Wed Oct 29 01:26:37 2025: Attempting to start server on port '34693'
Wed Oct 29 01:26:37 2025: XCD main fifo: created main fifo '/tmp/xcdmainc6e54696-aba0-4fda-a9fa-7a39902c6e71', fd read = 13
Wed Oct 29 01:26:37 2025: Running Dispatch Server
Wed Oct 29 01:26:37 2025: Version 2.2.0
Wed Oct 29 01:26:46 2025: Dispatch Server: Accepted socket connection from client
Wed Oct 29 01:26:46 2025: Starting Socket connection
Wed Oct 29 01:26:46 2025: EXCHANGE_TOKEN received, server token: c6e54696-aba0-4fda-a9fa-7a39902c6e71, passed token: c6e54696-aba0-4fda-a9fa-7a39902c6e71
Wed Oct 29 01:26:46 2025: SESSION_MGR: creating session with session uuid: 'becaaa0a-dca5-406a-83a2-bd7088e18c5e' and name 'vitis_hls'
Wed Oct 29 01:26:46 2025: KERNEL_SVC: creating session with uuid: 'becaaa0a-dca5-406a-83a2-bd7088e18c5e' and name 'vitis_hls'
Wed Oct 29 01:26:46 2025: GUIDANCE_SMGR: creating guidance session with uuid: 'becaaa0a-dca5-406a-83a2-bd7088e18c5e' and name 'vitis_hls'
Wed Oct 29 01:26:46 2025: STOP_SERVER received, server token: c6e54696-aba0-4fda-a9fa-7a39902c6e71, passed token: c6e54696-aba0-4fda-a9fa-7a39902c6e71
Wed Oct 29 01:26:46 2025: Socket received request to stop server.
Wed Oct 29 01:26:46 2025: Dispatch Server: do_await_stop
Wed Oct 29 01:26:46 2025: Dispatch Server: stopping mainFifo_
Wed Oct 29 01:26:46 2025: XCD main fifo: Stopping
Wed Oct 29 01:26:46 2025: XCD main fifo: do_read error code: Operation canceled
Wed Oct 29 01:26:46 2025: XCD main fifo: bytes_transferred: 0
Wed Oct 29 01:26:46 2025: SERVER: destructor for server bound to port 34693
Wed Oct 29 01:26:46 2025: XCD main fifo: Good unlink of /tmp/xcdmainc6e54696-aba0-4fda-a9fa-7a39902c6e71
Wed Oct 29 01:26:46 2025: Server exiting with status 0.
Wed Oct 29 01:26:46 2025: Closing log file.
